<?xml version="1.0" encoding="UTF-8"?>
<testExecutions version="1">
  <file path="C:\Users\guill\Documents\ts-demo\src\tests\users.service.spec.ts">
    <testCase name="UsersService Users should be defined" duration="20"/>
  </file>
  <file path="C:\Users\guill\Documents\ts-demo\src\tests\auth.service.spec.ts">
    <testCase name="AuthService Auth should be defined" duration="20"/>
    <testCase name="AuthService Auth should found a user" duration="4"/>
  </file>
  <file path="C:\Users\guill\Documents\ts-demo\src\tests\auth.controller.spec.ts">
    <testCase name="AuthController Auth should be defined" duration="25"/>
  </file>
  <file path="C:\Users\guill\Documents\ts-demo\src\tests\cliente.service.spec.ts">
    <testCase name="ClienteService Clientes should return a array of clientes" duration="24"/>
    <testCase name="ClienteService Clientes should return a cliente found by id" duration="4"/>
    <testCase name="ClienteService Clientes should add new cliente" duration="3"/>
    <testCase name="ClienteService Clientes should update a cliente" duration="2"/>
  </file>
  <file path="C:\Users\guill\Documents\ts-demo\src\tests\clientes.controller.spec.ts">
    <testCase name="ClientesController Clientes should return an array of clientes" duration="20"/>
    <testCase name="ClientesController Clientes should return a cliente found by id" duration="3"/>
    <testCase name="ClientesController Clientes should add new cliente" duration="3"/>
    <testCase name="ClientesController Clientes should update a cliente" duration="2"/>
  </file>
  <file path="C:\Users\guill\Documents\ts-demo\src\tests\cliente.repository.spec.ts">
    <testCase name="ClienteRepository Clientes should return a array of clientes" duration="16"/>
    <testCase name="ClienteRepository Clientes should return a cliente found by id" duration="3"/>
    <testCase name="ClienteRepository Clientes should add new cliente" duration="2"/>
  </file>
</testExecutions>