<?xml version="1.0" encoding="UTF-8"?>
<testExecutions version="1">
  <file path="C:\Users\guill\Documents\ts-demo\src\tests\clientes.controller.spec.ts">
    <testCase name="ClientesController Clientes should return an array of clientes" duration="18"/>
    <testCase name="ClientesController Clientes should return a cliente found by id" duration="2"/>
    <testCase name="ClientesController Clientes should add new cliente" duration="2"/>
    <testCase name="ClientesController Clientes should update a cliente" duration="3"/>
  </file>
  <file path="C:\Users\guill\Documents\ts-demo\src\tests\cliente.service.spec.ts">
    <testCase name="ClienteService Clientes should return a array of clientes" duration="20"/>
    <testCase name="ClienteService Clientes should return a cliente found by id" duration="4"/>
    <testCase name="ClienteService Clientes should add new cliente" duration="6"/>
    <testCase name="ClienteService Clientes should update a cliente" duration="3"/>
  </file>
  <file path="C:\Users\guill\Documents\ts-demo\src\tests\cliente.repository.spec.ts">
    <testCase name="ClienteRepository Clientes should return a array of clientes" duration="18"/>
    <testCase name="ClienteRepository Clientes should return a cliente found by id" duration="2"/>
    <testCase name="ClienteRepository Clientes should add new cliente" duration="4"/>
    <testCase name="ClienteRepository Clientes should update a cliente" duration="4">
      <failure message="Error: expect(received).toBeDefined()"><![CDATA[Error: expect(received).toBeDefined()

Received: undefined
    at C:\Users\guill\Documents\ts-demo\src\tests\cliente.repository.spec.ts:59:23
    at Generator.next (<anonymous>)
    at fulfilled (C:\Users\guill\Documents\ts-demo\src\tests\cliente.repository.spec.ts:5:58)
    at processTicksAndRejections (node:internal/process/task_queues:95:5)]]></failure>
    </testCase>
  </file>
</testExecutions>